D:\VISUAL STUDIO 2012 PROJECTS\WEEK\WEEK\DEBUG\VC110.PDB
D:\VISUAL STUDIO 2012 PROJECTS\WEEK\WEEK\DEBUG\XINGQI.OBJ
D:\VISUAL STUDIO 2012 PROJECTS\WEEK\DEBUG\WEEK.ILK
D:\VISUAL STUDIO 2012 PROJECTS\WEEK\DEBUG\WEEK.EXE
D:\VISUAL STUDIO 2012 PROJECTS\WEEK\DEBUG\WEEK.PDB
D:\visual studio 2012 Projects\week\week\Debug\xingqi.obj
D:\visual studio 2012 Projects\week\week\Debug\cl.command.1.tlog
D:\visual studio 2012 Projects\week\week\Debug\CL.read.1.tlog
D:\visual studio 2012 Projects\week\week\Debug\CL.write.1.tlog
D:\visual studio 2012 Projects\week\week\Debug\link-cvtres.read.1.tlog
D:\visual studio 2012 Projects\week\week\Debug\link-cvtres.write.1.tlog
D:\visual studio 2012 Projects\week\week\Debug\link-rc.read.1.tlog
D:\visual studio 2012 Projects\week\week\Debug\link-rc.write.1.tlog
D:\visual studio 2012 Projects\week\week\Debug\link.command.1.tlog
D:\visual studio 2012 Projects\week\week\Debug\link.read.1.tlog
D:\visual studio 2012 Projects\week\week\Debug\link.write.1.tlog
D:\visual studio 2012 Projects\week\week\Debug\vc110.idb
D:\visual studio 2012 Projects\week\week\Debug\vc110.pdb
D:\visual studio 2012 Projects\week\Debug\week.pdb
D:\visual studio 2012 Projects\week\Debug\week.exe
D:\visual studio 2012 Projects\week\Debug\week.ilk
